Invoking app.lambda_handler (python3.12)
CommonLayer is a local Layer in the template
arn:aws:lambda:ap-northeast-1:770693421928:layer:Klayers-p312-numpy:8 is already cached. Skipping download
arn:aws:lambda:ap-northeast-1:017000801446:layer:AWSLambdaPowertoolsPythonV2:77 is already cached. Skipping download
Local image is up-to-date
Building image.............................
Using local image: samcli/lambda-python:3.12-x86_64-1cd02839d601fb4ab0148b2f7.

Mounting /Users/haru48/Desktop/portfolio/melon/melon/.aws-sam/build/GenerateFakeTable as /var/task:ro,delegated, inside runtime container
START RequestId: 4bdc2b1c-dcc0-4ffd-8750-58029a983ec2 Version: $LATEST
--- [表] TABLE_TECHNOLOGY_COMPARISON 処理中... ---
  >  タイプ: comparison
Max cell width (inches): 1.24
Max cell height (inches): 0.1666666666666667
 ========== 
fig_width: 7.0
fig_height: 1.8
--- [表] TABLE_TRANSMISSION_DETAILS 処理中... ---
  >  タイプ: basic
Max cell width (inches): 1.653333333333333
Max cell height (inches): 0.1666666666666667
 ========== 
fig_width: 7.0
fig_height: 2.4
--- [表] TABLE_MILITARY_IMPACT 処理中... ---
  >  タイプ: comparison
Max cell width (inches): 1.24
Max cell height (inches): 0.1666666666666667
 ========== 
fig_width: 7.0
fig_height: 1.8
--- [表] TABLE_TECHNOLOGICAL_COMPARISON 処理中... ---
  >  タイプ: comparison
Max cell width (inches): 1.24
Max cell height (inches): 0.1666666666666667
 ========== 
fig_width: 7.0
fig_height: 1.8
--- [表] TABLE_NETWORK_CHALLENGES 処理中... ---
  >  タイプ: comparison
Max cell width (inches): 1.24
Max cell height (inches): 0.1666666666666667
 ========== 
fig_width: 7.0
fig_height: 1.8
--- [表] TABLE_HISTORICAL_LESSONS 処理中... ---
  >  タイプ: basic
Max cell width (inches): 1.653333333333333
Max cell height (inches): 0.1666666666666667
 ========== 
fig_width: 7.0
fig_height: 1.8
--- [表] TABLE_MODERN_CHALLENGES 処理中... ---
  >  タイプ: comparison
Max cell width (inches): 1.24
Max cell height (inches): 0.1666666666666667
 ========== 
fig_width: 7.0
fig_height: 1.8
END RequestId: 42592bea-489f-4e80-b270-14e68b41b9c3
REPORT RequestId: 42592bea-489f-4e80-b270-14e68b41b9c3	Init Duration: 0.75 ms	Duration: 17070.58 ms	Billed Duration: 17071 ms	Memory Size: 1024 MB	Max Memory Used: 1024 MB	

