Invoking app.lambda_handler (python3.12)
CommonLayer is a local Layer in the template
arn:aws:lambda:ap-northeast-1:017000801446:layer:AWSLambdaPowertoolsPythonV2:77 is already cached. Skipping download
Local image is up-to-date
Building image.........................
Using local image: samcli/lambda-python:3.12-x86_64-64f4c8ccdc89ca3b7297a82fb.

Mounting /Users/haru48/Desktop/portfolio/melon/melon/.aws-sam/build/ConvertToPdf as /var/task:ro,delegated, inside runtime container
START RequestId: 01af791b-412b-4747-ad31-2d7262e72d0d Version: $LATEST
{'type': 'graph', 'number': '1', 'title': '5Lyd5pu46bOp44Gu6KqN55+l44Oe44OD44OU44Oz44Kw44OX44Ot44K744K5'}
------
1
5Lyd5pu46bOp44Gu6KqN55+l44Oe44OD44OU44Oz44Kw44OX44Ot44K744K5
graph
{"level":"INFO","location":"insert_image:288","message":"伝書鳩の認知マッピングプロセス","timestamp":"2024-11-24 07:29:02,301+0000","service":"convert_to_pdf","cold_start":true,"function_name":"ConvertToPdf","function_memory_size":"512","function_arn":"arn:aws:lambda:us-east-1:012345678912:function:ConvertToPdf","function_request_id":"a57c1249-d4c5-41b7-a027-0d772906431c"}
{'type': 'table', 'number': '1', 'title': '5Lyd5pu46bOp44Gu6IO95Yqb44Go5Lq65bel55qE44OK44OT44Ky44O844K344On44Oz44K344K544OG44Og44Gu5q+U6LyD'}
------
1
5Lyd5pu46bOp44Gu6IO95Yqb44Go5Lq65bel55qE44OK44OT44Ky44O844K344On44Oz44K344K544OG44Og44Gu5q+U6LyD
table
{"level":"INFO","location":"insert_image:288","message":"伝書鳩の能力と人工的ナビゲーションシステムの比較","timestamp":"2024-11-24 07:29:02,812+0000","service":"convert_to_pdf","cold_start":true,"function_name":"ConvertToPdf","function_memory_size":"512","function_arn":"arn:aws:lambda:us-east-1:012345678912:function:ConvertToPdf","function_request_id":"a57c1249-d4c5-41b7-a027-0d772906431c"}
{'type': 'graph', 'number': '2', 'title': '5Lyd5pu46bOp44Gu44OK44OT44Ky44O844K344On44Oz5a6f6aiT44OH44K244Kk44Oz'}
------
2
5Lyd5pu46bOp44Gu44OK44OT44Ky44O844K344On44Oz5a6f6aiT44OH44K244Kk44Oz
graph
{"level":"INFO","location":"insert_image:288","message":"伝書鳩のナビゲーション実験デザイン","timestamp":"2024-11-24 07:29:02,999+0000","service":"convert_to_pdf","cold_start":true,"function_name":"ConvertToPdf","function_memory_size":"512","function_arn":"arn:aws:lambda:us-east-1:012345678912:function:ConvertToPdf","function_request_id":"a57c1249-d4c5-41b7-a027-0d772906431c"}
{'type': 'table', 'number': '2', 'title': '5a6f6aiT55Kw5aKD44Go5p2h5Lu26Kmz57Sw'}
------
2
5a6f6aiT55Kw5aKD44Go5p2h5Lu26Kmz57Sw
table
{"level":"INFO","location":"insert_image:288","message":"実験環境と条件詳細","timestamp":"2024-11-24 07:29:03,261+0000","service":"convert_to_pdf","cold_start":true,"function_name":"ConvertToPdf","function_memory_size":"512","function_arn":"arn:aws:lambda:us-east-1:012345678912:function:ConvertToPdf","function_request_id":"a57c1249-d4c5-41b7-a027-0d772906431c"}
{'type': 'table', 'number': '3', 'title': '56CU56m244Gr5L2/55So44GX44Gf5Li76KaB44OG44Kv44OO44Ot44K444O844Gu5LuV5qeY'}
------
3
56CU56m244Gr5L2/55So44GX44Gf5Li76KaB44OG44Kv44OO44Ot44K444O844Gu5LuV5qeY
table
{"level":"INFO","location":"insert_image:288","message":"研究に使用した主要テクノロジーの仕様","timestamp":"2024-11-24 07:29:04,890+0000","service":"convert_to_pdf","cold_start":true,"function_name":"ConvertToPdf","function_memory_size":"512","function_arn":"arn:aws:lambda:us-east-1:012345678912:function:ConvertToPdf","function_request_id":"a57c1249-d4c5-41b7-a027-0d772906431c"}
{'type': 'graph', 'number': '3', 'title': '55Kw5aKD5Yil44OK44OT44Ky44O844K344On44Oz57K+5bqm5q+U6LyD'}
------
3
55Kw5aKD5Yil44OK44OT44Ky44O844K344On44Oz57K+5bqm5q+U6LyD
graph
{"level":"INFO","location":"insert_image:288","message":"環境別ナビゲーション精度比較","timestamp":"2024-11-24 07:29:05,093+0000","service":"convert_to_pdf","cold_start":true,"function_name":"ConvertToPdf","function_memory_size":"512","function_arn":"arn:aws:lambda:us-east-1:012345678912:function:ConvertToPdf","function_request_id":"a57c1249-d4c5-41b7-a027-0d772906431c"}
{'type': 'table', 'number': '4', 'title': '5a6f6aiT57WQ5p6c44Gu57Wx6KiI55qE44K144Oe44Oq44O8'}
------
4
5a6f6aiT57WQ5p6c44Gu57Wx6KiI55qE44K144Oe44Oq44O8
table
{"level":"INFO","location":"insert_image:288","message":"実験結果の統計的サマリー","timestamp":"2024-11-24 07:29:05,349+0000","service":"convert_to_pdf","cold_start":true,"function_name":"ConvertToPdf","function_memory_size":"512","function_arn":"arn:aws:lambda:us-east-1:012345678912:function:ConvertToPdf","function_request_id":"a57c1249-d4c5-41b7-a027-0d772906431c"}
{'type': 'graph', 'number': '4', 'title': '6bOp44Gu44Or44O844OI6YG45oqe44OR44K/44O844Oz44Go5Zyw5Zuz44Ki44OX44Oq44Ki44Or44K044Oq44K644Og44Gu5q+U6LyD'}
------
4
6bOp44Gu44Or44O844OI6YG45oqe44OR44K/44O844Oz44Go5Zyw5Zuz44Ki44OX44Oq44Ki44Or44K044Oq44K644Og44Gu5q+U6LyD
graph
{"level":"INFO","location":"insert_image:288","message":"鳩のルート選択パターンと地図アプリアルゴリズムの比較","timestamp":"2024-11-24 07:29:05,557+0000","service":"convert_to_pdf","cold_start":true,"function_name":"ConvertToPdf","function_memory_size":"512","function_arn":"arn:aws:lambda:us-east-1:012345678912:function:ConvertToPdf","function_request_id":"a57c1249-d4c5-41b7-a027-0d772906431c"}
[WARNING]	2024-11-24T07:29:05.863Z	a57c1249-d4c5-41b7-a027-0d772906431c	findfont: Font family ['cursive'] not found. Falling back to DejaVu Sans.
[WARNING]	2024-11-24T07:29:05.864Z	a57c1249-d4c5-41b7-a027-0d772906431c	findfont: Generic family 'cursive' not found because none of the following families were found: Apple Chancery, Textile, Zapf Chancery, Sand, Script MT, Felipa, Comic Neue, Comic Sans MS, cursive
[WARNING]	2024-11-24T07:29:05.871Z	a57c1249-d4c5-41b7-a027-0d772906431c	findfont: Font family ['IPAexMincho'] not found. Falling back to DejaVu Sans.
[WARNING]	2024-11-24T07:29:05.879Z	a57c1249-d4c5-41b7-a027-0d772906431c	findfont: Font family ['sans'] not found. Falling back to DejaVu Sans.
[WARNING]	2024-11-24T07:29:05.879Z	a57c1249-d4c5-41b7-a027-0d772906431c	findfont: Generic family 'sans' not found because none of the following families were found: IPAexMincho
[WARNING]	2024-11-24T07:29:05.883Z	a57c1249-d4c5-41b7-a027-0d772906431c	findfont: Font family ['sans'] not found. Falling back to DejaVu Sans.
[WARNING]	2024-11-24T07:29:05.884Z	a57c1249-d4c5-41b7-a027-0d772906431c	findfont: Generic family 'sans' not found because none of the following families were found: IPAexMincho
{'type': 'table', 'number': '5', 'title': '55Kw5aKD5aSJ5pWw44Go44OK44OT44Ky44O844K344On44Oz5oCn6IO944Gu55u46Zai5YiG5p6Q'}
------
5
55Kw5aKD5aSJ5pWw44Go44OK44OT44Ky44O844K344On44Oz5oCn6IO944Gu55u46Zai5YiG5p6Q
table
{"level":"INFO","location":"insert_image:288","message":"環境変数とナビゲーション性能の相関分析","timestamp":"2024-11-24 07:29:07,033+0000","service":"convert_to_pdf","cold_start":true,"function_name":"ConvertToPdf","function_memory_size":"512","function_arn":"arn:aws:lambda:us-east-1:012345678912:function:ConvertToPdf","function_request_id":"a57c1249-d4c5-41b7-a027-0d772906431c"}
{'type': 'graph', 'number': '5', 'title': '6bOp44Gu6KqN55+l5Yem55CG44Go5Zyw5Zuz44Ki44OX44Oq44Ki44Or44K044Oq44K644Og44Gu5q+U6LyD'}
------
5
6bOp44Gu6KqN55+l5Yem55CG44Go5Zyw5Zuz44Ki44OX44Oq44Ki44Or44K044Oq44K644Og44Gu5q+U6LyD
graph
{"level":"INFO","location":"insert_image:288","message":"鳩の認知処理と地図アプリアルゴリズムの比較","timestamp":"2024-11-24 07:29:07,216+0000","service":"convert_to_pdf","cold_start":true,"function_name":"ConvertToPdf","function_memory_size":"512","function_arn":"arn:aws:lambda:us-east-1:012345678912:function:ConvertToPdf","function_request_id":"a57c1249-d4c5-41b7-a027-0d772906431c"}
{'type': 'table', 'number': '6', 'title': '6bOp44Gu6KqN55+l6IO95Yqb44Go5Lq65bel44K344K544OG44Og44Gu5q+U6LyD5YiG5p6Q'}
------
6
6bOp44Gu6KqN55+l6IO95Yqb44Go5Lq65bel44K344K544OG44Og44Gu5q+U6LyD5YiG5p6Q
table
{"level":"INFO","location":"insert_image:288","message":"鳩の認知能力と人工システムの比較分析","timestamp":"2024-11-24 07:29:08,489+0000","service":"convert_to_pdf","cold_start":true,"function_name":"ConvertToPdf","function_memory_size":"512","function_arn":"arn:aws:lambda:us-east-1:012345678912:function:ConvertToPdf","function_request_id":"a57c1249-d4c5-41b7-a027-0d772906431c"}
{'type': 'graph', 'number': '6', 'title': '5Luu6Kqs44Go5a6f6aiT57WQ5p6c44Gu44Or44O844OI5pyA6YGp5YyW6IO95Yqb5q+U6LyD'}
------
6
5Luu6Kqs44Go5a6f6aiT57WQ5p6c44Gu44Or44O844OI5pyA6YGp5YyW6IO95Yqb5q+U6LyD
graph
{"level":"INFO","location":"insert_image:288","message":"仮説と実験結果のルート最適化能力比較","timestamp":"2024-11-24 07:29:08,670+0000","service":"convert_to_pdf","cold_start":true,"function_name":"ConvertToPdf","function_memory_size":"512","function_arn":"arn:aws:lambda:us-east-1:012345678912:function:ConvertToPdf","function_request_id":"a57c1249-d4c5-41b7-a027-0d772906431c"}
{'type': 'table', 'number': '7', 'title': '5Luu6Kqs44Go5a6f6aiT57WQ5p6c44Gu6Kmz57Sw5q+U6LyD'}
------
7
5Luu6Kqs44Go5a6f6aiT57WQ5p6c44Gu6Kmz57Sw5q+U6LyD
table
{"level":"INFO","location":"insert_image:288","message":"仮説と実験結果の詳細比較","timestamp":"2024-11-24 07:29:09,416+0000","service":"convert_to_pdf","cold_start":true,"function_name":"ConvertToPdf","function_memory_size":"512","function_arn":"arn:aws:lambda:us-east-1:012345678912:function:ConvertToPdf","function_request_id":"a57c1249-d4c5-41b7-a027-0d772906431c"}
{'type': 'graph', 'number': '7', 'title': '5a6f6aiT55Kw5aKD44Gu5Lq65bel5oCn44GM57WQ5p6c44Gr5LiO44GI44KL5b2x6Z+/'}
------
7
5a6f6aiT55Kw5aKD44Gu5Lq65bel5oCn44GM57WQ5p6c44Gr5LiO44GI44KL5b2x6Z+/
graph
{"level":"INFO","location":"insert_image:288","message":"実験環境の人工性が結果に与える影響","timestamp":"2024-11-24 07:29:09,597+0000","service":"convert_to_pdf","cold_start":true,"function_name":"ConvertToPdf","function_memory_size":"512","function_arn":"arn:aws:lambda:us-east-1:012345678912:function:ConvertToPdf","function_request_id":"a57c1249-d4c5-41b7-a027-0d772906431c"}
{'type': 'table', 'number': '8', 'title': '56CU56m244Gu6ZmQ55WM44Go5bCG5p2l44Gu5pS55ZaE54K5'}
------
8
56CU56m244Gu6ZmQ55WM44Go5bCG5p2l44Gu5pS55ZaE54K5
table
{"level":"INFO","location":"insert_image:288","message":"研究の限界と将来の改善点","timestamp":"2024-11-24 07:29:10,734+0000","service":"convert_to_pdf","cold_start":true,"function_name":"ConvertToPdf","function_memory_size":"512","function_arn":"arn:aws:lambda:us-east-1:012345678912:function:ConvertToPdf","function_request_id":"a57c1249-d4c5-41b7-a027-0d772906431c"}
{'type': 'graph', 'number': '8', 'title': '55Kw5aKD5p2h5Lu25Yil44OK44OT44Ky44O844K344On44Oz6IO95Yqb5q+U6LyD'}
------
8
55Kw5aKD5p2h5Lu25Yil44OK44OT44Ky44O844K344On44Oz6IO95Yqb5q+U6LyD
graph
{"level":"INFO","location":"insert_image:288","message":"環境条件別ナビゲーション能力比較","timestamp":"2024-11-24 07:29:10,938+0000","service":"convert_to_pdf","cold_start":true,"function_name":"ConvertToPdf","function_memory_size":"512","function_arn":"arn:aws:lambda:us-east-1:012345678912:function:ConvertToPdf","function_request_id":"a57c1249-d4c5-41b7-a027-0d772906431c"}
{'type': 'table', 'number': '9', 'title': '5Luu6Kqs5qSc6Ki857WQ5p6c44Gu6Kmz57Sw44K144Oe44Oq44O8'}
------
9
5Luu6Kqs5qSc6Ki857WQ5p6c44Gu6Kmz57Sw44K144Oe44Oq44O8
table
{"level":"INFO","location":"insert_image:288","message":"仮説検証結果の詳細サマリー","timestamp":"2024-11-24 07:29:12,084+0000","service":"convert_to_pdf","cold_start":true,"function_name":"ConvertToPdf","function_memory_size":"512","function_arn":"arn:aws:lambda:us-east-1:012345678912:function:ConvertToPdf","function_request_id":"a57c1249-d4c5-41b7-a027-0d772906431c"}
{'type': 'graph', 'number': '9', 'title': '5bCG5p2l44Gu56CU56m25o6i5rGC6aCY5Z+f'}
------
9
5bCG5p2l44Gu56CU56m25o6i5rGC6aCY5Z+f
graph
{"level":"INFO","location":"insert_image:288","message":"将来の研究探求領域","timestamp":"2024-11-24 07:29:12,270+0000","service":"convert_to_pdf","cold_start":true,"function_name":"ConvertToPdf","function_memory_size":"512","function_arn":"arn:aws:lambda:us-east-1:012345678912:function:ConvertToPdf","function_request_id":"a57c1249-d4c5-41b7-a027-0d772906431c"}
{'type': 'table', 'number': '10', 'title': '5LuK5b6M44Gu56CU56m25pa55ZCR5oCn44Go5YW35L2T55qE5o+Q5qGI'}
------
10
5LuK5b6M44Gu56CU56m25pa55ZCR5oCn44Go5YW35L2T55qE5o+Q5qGI
table
{"level":"INFO","location":"insert_image:288","message":"今後の研究方向性と具体的提案","timestamp":"2024-11-24 07:29:13,320+0000","service":"convert_to_pdf","cold_start":true,"function_name":"ConvertToPdf","function_memory_size":"512","function_arn":"arn:aws:lambda:us-east-1:012345678912:function:ConvertToPdf","function_request_id":"a57c1249-d4c5-41b7-a027-0d772906431c"}
------------------
0
------------------
1
------------------
2
------------------
3
------------------
4
------------------
5
------------------
6
------------------
7
------------------
8
------------------
9
------------------
10
------------------
11
------------------
12
------------------
13
------------------
14
------------------
15
------------------
16
------------------
17
------------------
18
------------------
19
------------------
20
END RequestId: a57c1249-d4c5-41b7-a027-0d772906431c
REPORT RequestId: a57c1249-d4c5-41b7-a027-0d772906431c	Init Duration: 1.44 ms	Duration: 37547.37 ms	Billed Duration: 37548 ms	Memory Size: 512 MB	Max Memory Used: 512 MB	

